2025-12-19 14:39:00 | WARN | repo=a4m36jee-2014 | action=pull
2025-03-12 11:13:00 | INFO | repo=a4m36jee-2014 | action=commit
2025-08-03 09:56:00 | DEBUG | repo=a4m36jee-2014 | action=commit
2025-10-03 12:11:00 | INFO | repo=a4m36jee-2014 | action=commit
2025-08-23 18:28:00 | WARN | repo=a4m36jee-2014 | action=commit
2025-11-03 17:40:00 | WARN | repo=a4m36jee-2014 | action=pull
2025-12-25 17:22:00 | INFO | repo=a4m36jee-2014 | action=commit
2025-09-24 18:46:00 | INFO | repo=a4m36jee-2014 | action=edit | files=3
2025-11-11 12:35:00 | DEBUG | repo=a4m36jee-2014 | action=commit
2025-10-10 10:55:00 | WARN | repo=a4m36jee-2014 | action=commit
2025-02-02 17:47:00 | WARN | repo=a4m36jee-2014 | action=commit
2025-10-25 18:20:00 | DEBUG | repo=a4m36jee-2014 | action=commit
2025-03-13 07:25:00 | DEBUG | repo=a4m36jee-2014 | action=commit
2025-01-16 16:29:00 | DEBUG | repo=a4m36jee-2014 | action=commit
2025-10-20 18:28:00 | INFO | repo=a4m36jee-2014 | action=commit
2025-07-13 18:19:00 | WARN | repo=a4m36jee-2014 | action=commit
2025-07-03 18:53:00 | INFO | repo=a4m36jee-2014 | action=commit
2025-03-23 15:57:00 | DEBUG | repo=a4m36jee-2014 | action=commit
2025-09-08 18:40:00 | WARN | repo=a4m36jee-2014 | action=commit
2025-02-05 10:40:00 | INFO | repo=a4m36jee-2014 | action=commit
2025-08-16 09:37:00 | INFO | repo=a4m36jee-2014 | action=pull
2025-07-13 18:59:00 | INFO | repo=a4m36jee-2014 | action=commit
2025-01-19 11:23:00 | DEBUG | repo=a4m36jee-2014 | action=commit
2025-02-10 08:12:00 | WARN | repo=a4m36jee-2014 | action=commit
2025-03-15 11:09:00 | WARN | repo=a4m36jee-2014 | action=commit
2025-09-25 13:37:00 | DEBUG | repo=a4m36jee-2014 | action=commit
2025-06-18 21:18:00 | WARN | repo=a4m36jee-2014 | action=commit
2025-01-26 19:44:00 | DEBUG | repo=a4m36jee-2014 | action=edit | files=5
2025-04-25 16:28:00 | INFO | repo=a4m36jee-2014 | action=commit
2025-08-11 17:53:00 | WARN | repo=a4m36jee-2014 | action=pull
2025-02-02 14:24:00 | WARN | repo=a4m36jee-2014 | action=commit
2025-02-06 17:16:00 | INFO | repo=a4m36jee-2014 | action=pull
2025-01-15 21:24:00 | INFO | repo=a4m36jee-2014 | action=edit | files=3
2025-05-15 08:30:00 | INFO | repo=a4m36jee-2014 | action=commit
2025-12-06 15:32:00 | WARN | repo=a4m36jee-2014 | action=commit
2025-05-01 16:58:00 | WARN | repo=a4m36jee-2014 | action=commit
2025-11-21 19:00:00 | DEBUG | repo=a4m36jee-2014 | action=commit
2025-01-17 18:20:00 | DEBUG | repo=a4m36jee-2014 | action=edit | files=3
2025-12-20 18:39:00 | INFO | repo=a4m36jee-2014 | action=commit
2025-07-10 20:46:00 | WARN | repo=a4m36jee-2014 | action=commit
2025-08-26 21:31:00 | INFO | repo=a4m36jee-2014 | action=commit
2025-09-18 14:18:00 | DEBUG | repo=a4m36jee-2014 | action=commit
2025-12-06 08:02:00 | WARN | repo=a4m36jee-2014 | action=commit
2025-04-11 19:55:00 | DEBUG | repo=a4m36jee-2014 | action=commit
2025-08-01 19:10:00 | INFO | repo=a4m36jee-2014 | action=commit
2025-12-17 07:04:00 | INFO | repo=a4m36jee-2014 | action=commit
2025-09-06 09:36:00 | DEBUG | repo=a4m36jee-2014 | action=commit
2025-01-11 21:12:00 | WARN | repo=a4m36jee-2014 | action=test | passed=true
2025-04-04 12:59:00 | DEBUG | repo=a4m36jee-2014 | action=commit
2025-11-01 16:04:00 | INFO | repo=a4m36jee-2014 | action=edit | files=3
2025-06-25 18:08:00 | WARN | repo=a4m36jee-2014 | action=commit
2025-12-24 15:28:00 | WARN | repo=a4m36jee-2014 | action=commit
2025-01-24 11:54:00 | WARN | repo=a4m36jee-2014 | action=commit
2025-01-05 13:11:00 | DEBUG | repo=a4m36jee-2014 | action=commit
2025-07-14 17:21:00 | INFO | repo=a4m36jee-2014 | action=commit
2025-02-06 13:20:00 | DEBUG | repo=a4m36jee-2014 | action=commit
2025-02-04 20:55:00 | DEBUG | repo=a4m36jee-2014 | action=commit
2025-06-06 08:59:00 | INFO | repo=a4m36jee-2014 | action=commit
2025-11-22 20:28:00 | WARN | repo=a4m36jee-2014 | action=commit
2025-03-25 12:19:00 | INFO | repo=a4m36jee-2014 | action=commit
2025-06-19 21:24:00 | DEBUG | repo=a4m36jee-2014 | action=commit
2025-11-18 14:30:00 | DEBUG | repo=a4m36jee-2014 | action=commit
2025-10-07 15:22:00 | WARN | repo=a4m36jee-2014 | action=commit
2025-11-25 07:16:00 | INFO | repo=a4m36jee-2014 | action=commit
2025-09-11 15:33:00 | INFO | repo=a4m36jee-2014 | action=commit
2025-11-24 12:52:00 | WARN | repo=a4m36jee-2014 | action=commit
2025-05-15 18:48:00 | INFO | repo=a4m36jee-2014 | action=commit
2025-10-27 07:28:00 | INFO | repo=a4m36jee-2014 | action=edit | files=3
2025-04-14 09:21:00 | WARN | repo=a4m36jee-2014 | action=commit
2025-08-25 21:46:00 | DEBUG | repo=a4m36jee-2014 | action=test | passed=true
2025-02-23 12:47:00 | INFO | repo=a4m36jee-2014 | action=commit
2025-01-17 10:03:00 | DEBUG | repo=a4m36jee-2014 | action=commit
2025-03-14 16:41:00 | INFO | repo=a4m36jee-2014 | action=commit
2025-09-09 07:43:00 | DEBUG | repo=a4m36jee-2014 | action=commit
2025-01-15 16:22:00 | DEBUG | repo=a4m36jee-2014 | action=commit
2025-07-23 18:50:00 | INFO | repo=a4m36jee-2014 | action=commit
2025-01-22 15:05:00 | WARN | repo=a4m36jee-2014 | action=commit
2025-11-02 10:00:00 | DEBUG | repo=a4m36jee-2014 | action=commit
2025-07-07 17:44:00 | DEBUG | repo=a4m36jee-2014 | action=commit
2025-04-15 15:13:00 | INFO | repo=a4m36jee-2014 | action=commit
2025-11-18 14:47:00 | DEBUG | repo=a4m36jee-2014 | action=commit
2025-05-19 17:46:00 | DEBUG | repo=a4m36jee-2014 | action=commit
2025-12-20 20:58:00 | INFO | repo=a4m36jee-2014 | action=commit
2025-02-21 09:06:00 | WARN | repo=a4m36jee-2014 | action=commit
2025-07-05 11:29:00 | DEBUG | repo=a4m36jee-2014 | action=pull
2025-08-17 20:30:00 | INFO | repo=a4m36jee-2014 | action=test | passed=true
2025-07-08 20:54:00 | DEBUG | repo=a4m36jee-2014 | action=commit
2025-04-26 10:21:00 | DEBUG | repo=a4m36jee-2014 | action=commit
2025-01-20 15:56:00 | DEBUG | repo=a4m36jee-2014 | action=commit
2025-08-04 13:22:00 | INFO | repo=a4m36jee-2014 | action=commit
2025-06-08 15:57:00 | DEBUG | repo=a4m36jee-2014 | action=edit | files=3
2025-11-12 08:23:00 | DEBUG | repo=a4m36jee-2014 | action=commit
2025-03-04 08:57:00 | DEBUG | repo=a4m36jee-2014 | action=commit
2025-03-11 08:53:00 | DEBUG | repo=a4m36jee-2014 | action=test | passed=true
2025-02-14 15:45:00 | INFO | repo=a4m36jee-2014 | action=commit
2025-03-23 08:33:00 | INFO | repo=a4m36jee-2014 | action=pull
2025-08-10 16:38:00 | WARN | repo=a4m36jee-2014 | action=commit
2025-06-14 08:13:00 | INFO | repo=a4m36jee-2014 | action=test | passed=true
2025-10-09 19:02:00 | WARN | repo=a4m36jee-2014 | action=commit
2025-02-20 20:41:00 | DEBUG | repo=a4m36jee-2014 | action=commit
2025-03-03 18:59:00 | DEBUG | repo=a4m36jee-2014 | action=edit | files=2
2025-11-18 21:00:00 | WARN | repo=a4m36jee-2014 | action=edit | files=2
2025-12-28 15:48:00 | INFO | repo=a4m36jee-2014 | action=test | passed=true
2025-07-26 10:38:00 | DEBUG | repo=a4m36jee-2014 | action=pull
2025-05-08 16:12:00 | INFO | repo=a4m36jee-2014 | action=pull
2025-10-10 08:36:00 | DEBUG | repo=a4m36jee-2014 | action=commit
2025-12-01 12:46:00 | INFO | repo=a4m36jee-2014 | action=commit
2025-01-16 20:50:00 | INFO | repo=a4m36jee-2014 | action=commit
2025-03-10 13:33:00 | DEBUG | repo=a4m36jee-2014 | action=commit
2025-02-06 09:05:00 | DEBUG | repo=a4m36jee-2014 | action=commit
2025-04-19 18:50:00 | INFO | repo=a4m36jee-2014 | action=commit
2025-05-08 16:28:00 | DEBUG | repo=a4m36jee-2014 | action=commit
2025-03-22 13:42:00 | DEBUG | repo=a4m36jee-2014 | action=commit
2025-01-27 16:54:00 | DEBUG | repo=a4m36jee-2014 | action=commit
2025-11-19 19:11:00 | DEBUG | repo=a4m36jee-2014 | action=commit
2025-08-24 15:01:00 | DEBUG | repo=a4m36jee-2014 | action=test | passed=true
2025-05-22 09:06:00 | WARN | repo=a4m36jee-2014 | action=commit
2025-04-17 12:27:00 | INFO | repo=a4m36jee-2014 | action=commit
2025-05-10 14:51:00 | DEBUG | repo=a4m36jee-2014 | action=commit
2025-02-23 18:44:00 | INFO | repo=a4m36jee-2014 | action=commit
2025-08-16 15:30:00 | WARN | repo=a4m36jee-2014 | action=commit
2025-09-20 07:36:00 | WARN | repo=a4m36jee-2014 | action=commit
2025-11-04 12:48:00 | INFO | repo=a4m36jee-2014 | action=commit
2025-10-24 07:15:00 | INFO | repo=a4m36jee-2014 | action=commit
2025-05-08 07:06:00 | INFO | repo=a4m36jee-2014 | action=commit
2025-07-08 10:45:00 | WARN | repo=a4m36jee-2014 | action=commit
2025-07-09 15:32:00 | WARN | repo=a4m36jee-2014 | action=edit | files=5
2025-02-10 18:24:00 | DEBUG | repo=a4m36jee-2014 | action=commit
2025-07-07 11:24:00 | INFO | repo=a4m36jee-2014 | action=test | passed=true
2025-11-09 20:06:00 | INFO | repo=a4m36jee-2014 | action=commit
2025-08-25 09:58:00 | WARN | repo=a4m36jee-2014 | action=commit
2025-01-27 08:17:00 | WARN | repo=a4m36jee-2014 | action=edit | files=3
2025-08-14 19:57:00 | INFO | repo=a4m36jee-2014 | action=commit
2025-06-09 14:25:00 | DEBUG | repo=a4m36jee-2014 | action=test | passed=true
2025-01-11 18:06:00 | DEBUG | repo=a4m36jee-2014 | action=commit
2025-08-17 19:28:00 | WARN | repo=a4m36jee-2014 | action=commit
2025-07-21 21:41:00 | INFO | repo=a4m36jee-2014 | action=commit
2025-11-07 08:23:00 | INFO | repo=a4m36jee-2014 | action=commit
2025-11-22 16:47:00 | WARN | repo=a4m36jee-2014 | action=commit
2025-08-17 16:56:00 | INFO | repo=a4m36jee-2014 | action=commit
2025-11-28 18:49:00 | DEBUG | repo=a4m36jee-2014 | action=commit
2025-07-16 10:33:00 | INFO | repo=a4m36jee-2014 | action=commit
2025-01-19 19:41:00 | WARN | repo=a4m36jee-2014 | action=pull
2025-12-23 09:10:00 | WARN | repo=a4m36jee-2014 | action=commit
